<?xml version="1.0" encoding="UTF-8"?>
<!-- Generated by org.testng.reporters.JUnitXMLReporter -->
<testsuite hostname="md2aa09c" ignored="0" name="Default test" tests="3" failures="0" timestamp="2021-04-20T01:00:55 IST" time="0.042" errors="0">
  <testcase name="googleTitleTest" time="0.0" classname="com.test.TestNgBasics"/>
  <testcase name="searchTest" time="0.0" classname="com.test.TestNgBasics"/>
  <testcase name="googleLogoTest" time="0.0" classname="com.test.TestNgBasics"/>
</testsuite> <!-- Default test -->
